[2022-03-22T18:43:38.755] [WARN] routeNotExist - ReferenceError: nameUser is not defined
    at postLogout (D:\projects\backend\clase-38\desafio38\src\controllers\AuthController.js:37:13)
    at Layer.handle [as handle_request] (D:\projects\backend\clase-38\desafio38\node_modules\express\lib\router\layer.js:95:5)
    at next (D:\projects\backend\clase-38\desafio38\node_modules\express\lib\router\route.js:137:13)
    at Route.dispatch (D:\projects\backend\clase-38\desafio38\node_modules\express\lib\router\route.js:112:3)
    at Layer.handle [as handle_request] (D:\projects\backend\clase-38\desafio38\node_modules\express\lib\router\layer.js:95:5)
    at D:\projects\backend\clase-38\desafio38\node_modules\express\lib\router\index.js:281:22
    at Function.process_params (D:\projects\backend\clase-38\desafio38\node_modules\express\lib\router\index.js:335:12)
    at next (D:\projects\backend\clase-38\desafio38\node_modules\express\lib\router\index.js:275:10)
    at Function.handle (D:\projects\backend\clase-38\desafio38\node_modules\express\lib\router\index.js:174:3)
    at router (D:\projects\backend\clase-38\desafio38\node_modules\express\lib\router\index.js:47:12)
[2022-03-22T18:55:57.161] [WARN] routeNotExist - ReferenceError: nameUser is not defined
    at postLogout (D:\projects\backend\clase-38\desafio38\src\controllers\AuthController.js:37:13)
    at Layer.handle [as handle_request] (D:\projects\backend\clase-38\desafio38\node_modules\express\lib\router\layer.js:95:5)
    at next (D:\projects\backend\clase-38\desafio38\node_modules\express\lib\router\route.js:137:13)
    at Route.dispatch (D:\projects\backend\clase-38\desafio38\node_modules\express\lib\router\route.js:112:3)
    at Layer.handle [as handle_request] (D:\projects\backend\clase-38\desafio38\node_modules\express\lib\router\layer.js:95:5)
    at D:\projects\backend\clase-38\desafio38\node_modules\express\lib\router\index.js:281:22
    at Function.process_params (D:\projects\backend\clase-38\desafio38\node_modules\express\lib\router\index.js:335:12)
    at next (D:\projects\backend\clase-38\desafio38\node_modules\express\lib\router\index.js:275:10)
    at Function.handle (D:\projects\backend\clase-38\desafio38\node_modules\express\lib\router\index.js:174:3)
    at router (D:\projects\backend\clase-38\desafio38\node_modules\express\lib\router\index.js:47:12)
[2022-03-22T19:08:54.797] [WARN] routeNotExist - TypeError: Cannot read properties of undefined (reading 'username')
    at postLogout (D:\projects\backend\clase-38\desafio38\src\controllers\AuthController.js:37:24)
    at Layer.handle [as handle_request] (D:\projects\backend\clase-38\desafio38\node_modules\express\lib\router\layer.js:95:5)
    at next (D:\projects\backend\clase-38\desafio38\node_modules\express\lib\router\route.js:137:13)
    at Route.dispatch (D:\projects\backend\clase-38\desafio38\node_modules\express\lib\router\route.js:112:3)
    at Layer.handle [as handle_request] (D:\projects\backend\clase-38\desafio38\node_modules\express\lib\router\layer.js:95:5)
    at D:\projects\backend\clase-38\desafio38\node_modules\express\lib\router\index.js:281:22
    at Function.process_params (D:\projects\backend\clase-38\desafio38\node_modules\express\lib\router\index.js:335:12)
    at next (D:\projects\backend\clase-38\desafio38\node_modules\express\lib\router\index.js:275:10)
    at Function.handle (D:\projects\backend\clase-38\desafio38\node_modules\express\lib\router\index.js:174:3)
    at router (D:\projects\backend\clase-38\desafio38\node_modules\express\lib\router\index.js:47:12)
[2022-03-22T19:14:13.902] [WARN] routeNotExist - TypeError: Cannot read properties of undefined (reading 'username')
    at postLogout (D:\projects\backend\clase-38\desafio38\src\controllers\AuthController.js:37:24)
    at Layer.handle [as handle_request] (D:\projects\backend\clase-38\desafio38\node_modules\express\lib\router\layer.js:95:5)
    at next (D:\projects\backend\clase-38\desafio38\node_modules\express\lib\router\route.js:137:13)
    at Route.dispatch (D:\projects\backend\clase-38\desafio38\node_modules\express\lib\router\route.js:112:3)
    at Layer.handle [as handle_request] (D:\projects\backend\clase-38\desafio38\node_modules\express\lib\router\layer.js:95:5)
    at D:\projects\backend\clase-38\desafio38\node_modules\express\lib\router\index.js:281:22
    at Function.process_params (D:\projects\backend\clase-38\desafio38\node_modules\express\lib\router\index.js:335:12)
    at next (D:\projects\backend\clase-38\desafio38\node_modules\express\lib\router\index.js:275:10)
    at Function.handle (D:\projects\backend\clase-38\desafio38\node_modules\express\lib\router\index.js:174:3)
    at router (D:\projects\backend\clase-38\desafio38\node_modules\express\lib\router\index.js:47:12)
[2022-03-22T19:17:33.763] [WARN] routeNotExist - ReferenceError: nameUser is not defined
    at postLogout (D:\projects\backend\clase-38\desafio38\src\controllers\AuthController.js:38:13)
    at Layer.handle [as handle_request] (D:\projects\backend\clase-38\desafio38\node_modules\express\lib\router\layer.js:95:5)
    at next (D:\projects\backend\clase-38\desafio38\node_modules\express\lib\router\route.js:137:13)
    at Route.dispatch (D:\projects\backend\clase-38\desafio38\node_modules\express\lib\router\route.js:112:3)
    at Layer.handle [as handle_request] (D:\projects\backend\clase-38\desafio38\node_modules\express\lib\router\layer.js:95:5)
    at D:\projects\backend\clase-38\desafio38\node_modules\express\lib\router\index.js:281:22
    at Function.process_params (D:\projects\backend\clase-38\desafio38\node_modules\express\lib\router\index.js:335:12)
    at next (D:\projects\backend\clase-38\desafio38\node_modules\express\lib\router\index.js:275:10)
    at Function.handle (D:\projects\backend\clase-38\desafio38\node_modules\express\lib\router\index.js:174:3)
    at router (D:\projects\backend\clase-38\desafio38\node_modules\express\lib\router\index.js:47:12)
[2022-03-22T20:13:32.467] [WARN] routeNotExist - TypeError: Cannot read properties of undefined (reading 'username')
    at postLogout (D:\projects\backend\clase-38\desafio38\src\controllers\AuthController.js:37:24)
    at Layer.handle [as handle_request] (D:\projects\backend\clase-38\desafio38\node_modules\express\lib\router\layer.js:95:5)
    at next (D:\projects\backend\clase-38\desafio38\node_modules\express\lib\router\route.js:137:13)
    at Route.dispatch (D:\projects\backend\clase-38\desafio38\node_modules\express\lib\router\route.js:112:3)
    at Layer.handle [as handle_request] (D:\projects\backend\clase-38\desafio38\node_modules\express\lib\router\layer.js:95:5)
    at D:\projects\backend\clase-38\desafio38\node_modules\express\lib\router\index.js:281:22
    at Function.process_params (D:\projects\backend\clase-38\desafio38\node_modules\express\lib\router\index.js:335:12)
    at next (D:\projects\backend\clase-38\desafio38\node_modules\express\lib\router\index.js:275:10)
    at Function.handle (D:\projects\backend\clase-38\desafio38\node_modules\express\lib\router\index.js:174:3)
    at router (D:\projects\backend\clase-38\desafio38\node_modules\express\lib\router\index.js:47:12)
[2022-03-22T20:15:35.948] [WARN] routeNotExist - ReferenceError: nameUser is not defined
    at postLogout (D:\projects\backend\clase-38\desafio38\src\controllers\AuthController.js:37:13)
    at Layer.handle [as handle_request] (D:\projects\backend\clase-38\desafio38\node_modules\express\lib\router\layer.js:95:5)
    at next (D:\projects\backend\clase-38\desafio38\node_modules\express\lib\router\route.js:137:13)
    at Route.dispatch (D:\projects\backend\clase-38\desafio38\node_modules\express\lib\router\route.js:112:3)
    at Layer.handle [as handle_request] (D:\projects\backend\clase-38\desafio38\node_modules\express\lib\router\layer.js:95:5)
    at D:\projects\backend\clase-38\desafio38\node_modules\express\lib\router\index.js:281:22
    at Function.process_params (D:\projects\backend\clase-38\desafio38\node_modules\express\lib\router\index.js:335:12)
    at next (D:\projects\backend\clase-38\desafio38\node_modules\express\lib\router\index.js:275:10)
    at Function.handle (D:\projects\backend\clase-38\desafio38\node_modules\express\lib\router\index.js:174:3)
    at router (D:\projects\backend\clase-38\desafio38\node_modules\express\lib\router\index.js:47:12)
[2022-03-22T20:16:05.345] [WARN] routeNotExist - ReferenceError: nameUser is not defined
    at postLogout (D:\projects\backend\clase-38\desafio38\src\controllers\AuthController.js:37:13)
    at Layer.handle [as handle_request] (D:\projects\backend\clase-38\desafio38\node_modules\express\lib\router\layer.js:95:5)
    at next (D:\projects\backend\clase-38\desafio38\node_modules\express\lib\router\route.js:137:13)
    at Route.dispatch (D:\projects\backend\clase-38\desafio38\node_modules\express\lib\router\route.js:112:3)
    at Layer.handle [as handle_request] (D:\projects\backend\clase-38\desafio38\node_modules\express\lib\router\layer.js:95:5)
    at D:\projects\backend\clase-38\desafio38\node_modules\express\lib\router\index.js:281:22
    at Function.process_params (D:\projects\backend\clase-38\desafio38\node_modules\express\lib\router\index.js:335:12)
    at next (D:\projects\backend\clase-38\desafio38\node_modules\express\lib\router\index.js:275:10)
    at Function.handle (D:\projects\backend\clase-38\desafio38\node_modules\express\lib\router\index.js:174:3)
    at router (D:\projects\backend\clase-38\desafio38\node_modules\express\lib\router\index.js:47:12)
[2022-03-22T20:16:07.963] [WARN] routeNotExist - ReferenceError: nameUser is not defined
    at postLogout (D:\projects\backend\clase-38\desafio38\src\controllers\AuthController.js:37:13)
    at Layer.handle [as handle_request] (D:\projects\backend\clase-38\desafio38\node_modules\express\lib\router\layer.js:95:5)
    at next (D:\projects\backend\clase-38\desafio38\node_modules\express\lib\router\route.js:137:13)
    at Route.dispatch (D:\projects\backend\clase-38\desafio38\node_modules\express\lib\router\route.js:112:3)
    at Layer.handle [as handle_request] (D:\projects\backend\clase-38\desafio38\node_modules\express\lib\router\layer.js:95:5)
    at D:\projects\backend\clase-38\desafio38\node_modules\express\lib\router\index.js:281:22
    at Function.process_params (D:\projects\backend\clase-38\desafio38\node_modules\express\lib\router\index.js:335:12)
    at next (D:\projects\backend\clase-38\desafio38\node_modules\express\lib\router\index.js:275:10)
    at Function.handle (D:\projects\backend\clase-38\desafio38\node_modules\express\lib\router\index.js:174:3)
    at router (D:\projects\backend\clase-38\desafio38\node_modules\express\lib\router\index.js:47:12)
[2022-03-22T20:16:48.618] [WARN] routeNotExist - TypeError: Cannot read properties of undefined (reading 'username')
    at postLogout (D:\projects\backend\clase-38\desafio38\src\controllers\AuthController.js:38:24)
    at Layer.handle [as handle_request] (D:\projects\backend\clase-38\desafio38\node_modules\express\lib\router\layer.js:95:5)
    at next (D:\projects\backend\clase-38\desafio38\node_modules\express\lib\router\route.js:137:13)
    at Route.dispatch (D:\projects\backend\clase-38\desafio38\node_modules\express\lib\router\route.js:112:3)
    at Layer.handle [as handle_request] (D:\projects\backend\clase-38\desafio38\node_modules\express\lib\router\layer.js:95:5)
    at D:\projects\backend\clase-38\desafio38\node_modules\express\lib\router\index.js:281:22
    at Function.process_params (D:\projects\backend\clase-38\desafio38\node_modules\express\lib\router\index.js:335:12)
    at next (D:\projects\backend\clase-38\desafio38\node_modules\express\lib\router\index.js:275:10)
    at Function.handle (D:\projects\backend\clase-38\desafio38\node_modules\express\lib\router\index.js:174:3)
    at router (D:\projects\backend\clase-38\desafio38\node_modules\express\lib\router\index.js:47:12)
[2022-03-22T20:17:28.997] [WARN] routeNotExist - ReferenceError: nameUser is not defined
    at postLogout (D:\projects\backend\clase-38\desafio38\src\controllers\AuthController.js:37:13)
    at Layer.handle [as handle_request] (D:\projects\backend\clase-38\desafio38\node_modules\express\lib\router\layer.js:95:5)
    at next (D:\projects\backend\clase-38\desafio38\node_modules\express\lib\router\route.js:137:13)
    at Route.dispatch (D:\projects\backend\clase-38\desafio38\node_modules\express\lib\router\route.js:112:3)
    at Layer.handle [as handle_request] (D:\projects\backend\clase-38\desafio38\node_modules\express\lib\router\layer.js:95:5)
    at D:\projects\backend\clase-38\desafio38\node_modules\express\lib\router\index.js:281:22
    at Function.process_params (D:\projects\backend\clase-38\desafio38\node_modules\express\lib\router\index.js:335:12)
    at next (D:\projects\backend\clase-38\desafio38\node_modules\express\lib\router\index.js:275:10)
    at Function.handle (D:\projects\backend\clase-38\desafio38\node_modules\express\lib\router\index.js:174:3)
    at router (D:\projects\backend\clase-38\desafio38\node_modules\express\lib\router\index.js:47:12)
[2022-03-22T20:38:22.050] [WARN] routeNotExist - Route entry attempt /api/products
[2022-03-26T16:38:43.824] [WARN] routeNotExist - Route entry attempt /favicon.ico
[2022-03-27T11:25:35.927] [WARN] routeNotExist - Route entry attempt /favicon.ico
[2022-03-27T17:42:29.747] [WARN] routeNotExist - Route entry attempt /favicon.ico
